
＝＝＝＝＝＝＝＝＝＝
【日志级别】：ERROR
【记录时间】：2021-03-16 10:28:57,827 
【执行时间】：[1032]毫秒
【抛出信息】：全局异常 
【异常类型】：NotSupportedException 
【异常信息】：Ambiguous HTTP method for action - PrjWebJWTandSwwage.Controllers.RabbitMQController.SpendMessa (PrjWebJWTandSwwage). Actions require an explicit HttpMethod binding for Swagger/OpenAPI 3.0 
【堆栈调用】：
   at Swashbuckle.AspNetCore.SwaggerGen.SwaggerGenerator.GenerateOperations(IEnumerable`1 apiDescriptions, SchemaRepository schemaRepository)
   at Swashbuckle.AspNetCore.SwaggerGen.SwaggerGenerator.GeneratePaths(IEnumerable`1 apiDescriptions, SchemaRepository schemaRepository)
   at Swashbuckle.AspNetCore.SwaggerGen.SwaggerGenerator.GetSwagger(String documentName, String host, String basePath)
   at Swashbuckle.AspNetCore.Swagger.SwaggerMiddleware.Invoke(HttpContext httpContext, ISwaggerProvider swaggerProvider)
   at PrjWebJWTandSwwage.Startup.<>c.<<Configure>b__5_0>d.MoveNext() in E:\.net core\PrjWebJWTandSwwage\PrjWebJWTandSwwage\Startup.cs:line 153
--- End of stack trace from previous location where exception was thrown ---
   at PrjWebJWTandSwwage.Tools.GlobalExceptionMiddleware.Invoke(HttpContext context) in E:\.net core\PrjWebJWTandSwwage\PrjWebJWTandSwwage\Tools\GlobalExceptionMiddleware.cs:line 24

＝＝＝＝＝＝＝＝＝＝
【日志级别】：ERROR
【记录时间】：2021-03-16 14:08:04,654 
【执行时间】：[1613]毫秒
【抛出信息】：全局异常 
【异常类型】：NotSupportedException 
【异常信息】：Ambiguous HTTP method for action - PrjWebJWTandSwwage.Controllers.UserDataController.Update (PrjWebJWTandSwwage). Actions require an explicit HttpMethod binding for Swagger/OpenAPI 3.0 
【堆栈调用】：
   at Swashbuckle.AspNetCore.SwaggerGen.SwaggerGenerator.GenerateOperations(IEnumerable`1 apiDescriptions, SchemaRepository schemaRepository)
   at Swashbuckle.AspNetCore.SwaggerGen.SwaggerGenerator.GeneratePaths(IEnumerable`1 apiDescriptions, SchemaRepository schemaRepository)
   at Swashbuckle.AspNetCore.SwaggerGen.SwaggerGenerator.GetSwagger(String documentName, String host, String basePath)
   at Swashbuckle.AspNetCore.Swagger.SwaggerMiddleware.Invoke(HttpContext httpContext, ISwaggerProvider swaggerProvider)
   at PrjWebJWTandSwwage.Startup.<>c.<<Configure>b__5_0>d.MoveNext() in E:\.net core\PrjWebJWTandSwwage\PrjWebJWTandSwwage\Startup.cs:line 153
--- End of stack trace from previous location where exception was thrown ---
   at PrjWebJWTandSwwage.Tools.GlobalExceptionMiddleware.Invoke(HttpContext context) in E:\.net core\PrjWebJWTandSwwage\PrjWebJWTandSwwage\Tools\GlobalExceptionMiddleware.cs:line 24

＝＝＝＝＝＝＝＝＝＝
【日志级别】：ERROR
【记录时间】：2021-03-16 14:11:08,415 
【执行时间】：[117265]毫秒
【抛出信息】：全局异常 
【异常类型】：SqlSugarException 
【异常信息】：Need primary key or WhereColumn 
【堆栈调用】：
   at SqlSugar.Check.Exception(Boolean isException, String message, String[] args)
   at SqlSugar.Storageable`1.ToStorage()
   at PrjWebJWTandSwwage.DAL.UserDAL.UpdateUser(UserInfoModels us) in E:\.net core\PrjWebJWTandSwwage\PrjWebJWTandSwwage\DAL\UserDAL.cs:line 40
   at PrjWebJWTandSwwage.BLL.UserBLL.UpdateUser(UserInfoModels us) in E:\.net core\PrjWebJWTandSwwage\PrjWebJWTandSwwage\BLL\UserBLL.cs:line 30
   at PrjWebJWTandSwwage.Controllers.UserDataController.Update(UserInfoModels user, String token) in E:\.net core\PrjWebJWTandSwwage\PrjWebJWTandSwwage\Controllers\UserDataController.cs:line 70
   at lambda_method(Closure , Object , Object[] )
   at Microsoft.Extensions.Internal.ObjectMethodExecutor.Execute(Object target, Object[] parameters)
   at Microsoft.AspNetCore.Mvc.Infrastructure.ActionMethodExecutor.SyncActionResultExecutor.Execute(IActionResultTypeMapper mapper, ObjectMethodExecutor executor, Object controller, Object[] arguments)
   at Microsoft.AspNetCore.Mvc.Infrastructure.ControllerActionInvoker.InvokeActionMethodAsync()
   at Microsoft.AspNetCore.Mvc.Infrastructure.ControllerActionInvoker.Next(State& next, Scope& scope, Object& state, Boolean& isCompleted)
   at Microsoft.AspNetCore.Mvc.Infrastructure.ControllerActionInvoker.InvokeNextActionFilterAsync()
--- End of stack trace from previous location where exception was thrown ---
   at Microsoft.AspNetCore.Mvc.Infrastructure.ControllerActionInvoker.Rethrow(ActionExecutedContextSealed context)
   at Microsoft.AspNetCore.Mvc.Infrastructure.ControllerActionInvoker.Next(State& next, Scope& scope, Object& state, Boolean& isCompleted)
   at Microsoft.AspNetCore.Mvc.Infrastructure.ControllerActionInvoker.InvokeInnerFilterAsync()
--- End of stack trace from previous location where exception was thrown ---
   at Microsoft.AspNetCore.Mvc.Infrastructure.ResourceInvoker.<InvokeNextExceptionFilterAsync>g__Awaited|25_0(ResourceInvoker invoker, Task lastTask, State next, Scope scope, Object state, Boolean isCompleted)

＝＝＝＝＝＝＝＝＝＝
【日志级别】：ERROR
【记录时间】：2021-03-16 14:12:27,459 
【执行时间】：[955]毫秒
【抛出信息】：全局异常 
【异常类型】：SqlSugarException 
【异常信息】：Need primary key or WhereColumn 
【堆栈调用】：
   at SqlSugar.Check.Exception(Boolean isException, String message, String[] args)
   at SqlSugar.Storageable`1.ToStorage()
   at PrjWebJWTandSwwage.DAL.UserDAL.UpdateUser(UserInfoModels us) in E:\.net core\PrjWebJWTandSwwage\PrjWebJWTandSwwage\DAL\UserDAL.cs:line 40
   at PrjWebJWTandSwwage.BLL.UserBLL.UpdateUser(UserInfoModels us) in E:\.net core\PrjWebJWTandSwwage\PrjWebJWTandSwwage\BLL\UserBLL.cs:line 30
   at PrjWebJWTandSwwage.Controllers.UserDataController.Update(UserInfoModels user, String token) in E:\.net core\PrjWebJWTandSwwage\PrjWebJWTandSwwage\Controllers\UserDataController.cs:line 70
   at lambda_method(Closure , Object , Object[] )
   at Microsoft.Extensions.Internal.ObjectMethodExecutor.Execute(Object target, Object[] parameters)
   at Microsoft.AspNetCore.Mvc.Infrastructure.ActionMethodExecutor.SyncActionResultExecutor.Execute(IActionResultTypeMapper mapper, ObjectMethodExecutor executor, Object controller, Object[] arguments)
   at Microsoft.AspNetCore.Mvc.Infrastructure.ControllerActionInvoker.InvokeActionMethodAsync()
   at Microsoft.AspNetCore.Mvc.Infrastructure.ControllerActionInvoker.Next(State& next, Scope& scope, Object& state, Boolean& isCompleted)
   at Microsoft.AspNetCore.Mvc.Infrastructure.ControllerActionInvoker.InvokeNextActionFilterAsync()
--- End of stack trace from previous location where exception was thrown ---
   at Microsoft.AspNetCore.Mvc.Infrastructure.ControllerActionInvoker.Rethrow(ActionExecutedContextSealed context)
   at Microsoft.AspNetCore.Mvc.Infrastructure.ControllerActionInvoker.Next(State& next, Scope& scope, Object& state, Boolean& isCompleted)
   at Microsoft.AspNetCore.Mvc.Infrastructure.ControllerActionInvoker.InvokeInnerFilterAsync()
--- End of stack trace from previous location where exception was thrown ---
   at Microsoft.AspNetCore.Mvc.Infrastructure.ResourceInvoker.<InvokeNextExceptionFilterAsync>g__Awaited|25_0(ResourceInvoker invoker, Task lastTask, State next, Scope scope, Object state, Boolean isCompleted)

＝＝＝＝＝＝＝＝＝＝
【日志级别】：ERROR
【记录时间】：2021-03-16 14:14:01,520 
【执行时间】：[81371]毫秒
【抛出信息】：全局异常 
【异常类型】：SqlSugarException 
【异常信息】：Need primary key or WhereColumn 
【堆栈调用】：
   at SqlSugar.Check.Exception(Boolean isException, String message, String[] args)
   at SqlSugar.Storageable`1.ToStorage()
   at PrjWebJWTandSwwage.DAL.UserDAL.UpdateUser(UserInfoModels us) in E:\.net core\PrjWebJWTandSwwage\PrjWebJWTandSwwage\DAL\UserDAL.cs:line 40
   at PrjWebJWTandSwwage.BLL.UserBLL.UpdateUser(UserInfoModels us) in E:\.net core\PrjWebJWTandSwwage\PrjWebJWTandSwwage\BLL\UserBLL.cs:line 30
   at PrjWebJWTandSwwage.Controllers.UserDataController.Update(UserInfoModels user, String token) in E:\.net core\PrjWebJWTandSwwage\PrjWebJWTandSwwage\Controllers\UserDataController.cs:line 70
   at lambda_method(Closure , Object , Object[] )
   at Microsoft.Extensions.Internal.ObjectMethodExecutor.Execute(Object target, Object[] parameters)
   at Microsoft.AspNetCore.Mvc.Infrastructure.ActionMethodExecutor.SyncActionResultExecutor.Execute(IActionResultTypeMapper mapper, ObjectMethodExecutor executor, Object controller, Object[] arguments)
   at Microsoft.AspNetCore.Mvc.Infrastructure.ControllerActionInvoker.InvokeActionMethodAsync()
   at Microsoft.AspNetCore.Mvc.Infrastructure.ControllerActionInvoker.Next(State& next, Scope& scope, Object& state, Boolean& isCompleted)
   at Microsoft.AspNetCore.Mvc.Infrastructure.ControllerActionInvoker.InvokeNextActionFilterAsync()
--- End of stack trace from previous location where exception was thrown ---
   at Microsoft.AspNetCore.Mvc.Infrastructure.ControllerActionInvoker.Rethrow(ActionExecutedContextSealed context)
   at Microsoft.AspNetCore.Mvc.Infrastructure.ControllerActionInvoker.Next(State& next, Scope& scope, Object& state, Boolean& isCompleted)
   at Microsoft.AspNetCore.Mvc.Infrastructure.ControllerActionInvoker.InvokeInnerFilterAsync()
--- End of stack trace from previous location where exception was thrown ---
   at Microsoft.AspNetCore.Mvc.Infrastructure.ResourceInvoker.<InvokeNextExceptionFilterAsync>g__Awaited|25_0(ResourceInvoker invoker, Task lastTask, State next, Scope scope, Object state, Boolean isCompleted)

＝＝＝＝＝＝＝＝＝＝
【日志级别】：ERROR
【记录时间】：2021-03-16 14:28:41,911 
【执行时间】：[10816]毫秒
【抛出信息】：全局异常 
【异常类型】：InvalidOperationException 
【异常信息】：Unable to resolve service for type 'PrjWebJWTandSwwage.BLL.UserBLL' while attempting to activate 'PrjWebJWTandSwwage.LoginController'. 
【堆栈调用】：
   at Microsoft.Extensions.DependencyInjection.ActivatorUtilities.GetService(IServiceProvider sp, Type type, Type requiredBy, Boolean isDefaultParameterRequired)
   at lambda_method(Closure , IServiceProvider , Object[] )
   at Microsoft.AspNetCore.Mvc.Controllers.ControllerActivatorProvider.<>c__DisplayClass4_0.<CreateActivator>b__0(ControllerContext controllerContext)
   at Microsoft.AspNetCore.Mvc.Controllers.ControllerFactoryProvider.<>c__DisplayClass5_0.<CreateControllerFactory>g__CreateController|0(ControllerContext controllerContext)
   at Microsoft.AspNetCore.Mvc.Infrastructure.ControllerActionInvoker.Next(State& next, Scope& scope, Object& state, Boolean& isCompleted)
   at Microsoft.AspNetCore.Mvc.Infrastructure.ControllerActionInvoker.InvokeInnerFilterAsync()
--- End of stack trace from previous location where exception was thrown ---
   at Microsoft.AspNetCore.Mvc.Infrastructure.ResourceInvoker.<InvokeNextExceptionFilterAsync>g__Awaited|25_0(ResourceInvoker invoker, Task lastTask, State next, Scope scope, Object state, Boolean isCompleted)
