
＝＝＝＝＝＝＝＝＝＝
【日志级别】：INFO 
【记录时间】：2021-03-15 15:40:20,874 [6]
【信息详情】：登录失败:Parameter count mismatch.

＝＝＝＝＝＝＝＝＝＝
【日志级别】：INFO 
【记录时间】：2021-03-15 15:41:45,058 [13]
【信息详情】：登录失败:Parameter count mismatch.

＝＝＝＝＝＝＝＝＝＝
【日志级别】：INFO 
【记录时间】：2021-03-15 15:53:07,233 [4]
【信息详情】：登录成功

＝＝＝＝＝＝＝＝＝＝
【日志级别】：INFO 
【记录时间】：2021-03-15 15:59:30,818 [4]
【信息详情】：登录失败:用户不存在!

＝＝＝＝＝＝＝＝＝＝
【日志级别】：INFO 
【记录时间】：2021-03-15 15:59:50,167 [4]
【信息详情】：登录成功

＝＝＝＝＝＝＝＝＝＝
【日志级别】：INFO 
【记录时间】：2021-03-15 16:04:55,559 [20]
【信息详情】：登录成功

＝＝＝＝＝＝＝＝＝＝
【日志级别】：INFO 
【记录时间】：2021-03-15 16:07:31,534 [4]
【信息详情】：登录成功

＝＝＝＝＝＝＝＝＝＝
【日志级别】：INFO 
【记录时间】：2021-03-15 16:10:16,248 [10]
【信息详情】：登录成功

＝＝＝＝＝＝＝＝＝＝
【日志级别】：INFO 
【记录时间】：2021-03-15 16:14:14,862 [4]
【信息详情】：登录成功

＝＝＝＝＝＝＝＝＝＝
【日志级别】：INFO 
【记录时间】：2021-03-15 16:17:14,667 [12]
【信息详情】：登录成功

＝＝＝＝＝＝＝＝＝＝
【日志级别】：INFO 
【记录时间】：2021-03-15 16:19:57,915 [12]
【信息详情】：登录成功

＝＝＝＝＝＝＝＝＝＝
【日志级别】：INFO 
【记录时间】：2021-03-15 16:21:01,339 [4]
【信息详情】：登录成功

＝＝＝＝＝＝＝＝＝＝
【日志级别】：INFO 
【记录时间】：2021-03-15 16:54:12,667 [4]
【信息详情】：登录成功

＝＝＝＝＝＝＝＝＝＝
【日志级别】：INFO 
【记录时间】：2021-03-15 16:57:11,688 [11]
【信息详情】：登录成功

＝＝＝＝＝＝＝＝＝＝
【日志级别】：INFO 
【记录时间】：2021-03-15 16:59:00,028 [4]
【信息详情】：登录成功

＝＝＝＝＝＝＝＝＝＝
【日志级别】：INFO 
【记录时间】：2021-03-15 17:01:59,440 [10]
【信息详情】：登录成功

＝＝＝＝＝＝＝＝＝＝
【日志级别】：INFO 
【记录时间】：2021-03-15 17:04:11,948 [8]
【信息详情】：登录成功
